<?xml version="1.0" encoding="UTF-8"?>
<testng-results ignored="0" total="1" passed="1" failed="0" skipped="0">
  <reporter-output>
  </reporter-output>
  <suite started-at="2020-04-23T23:13:36 CDT" name="Suite" finished-at="2020-04-23T23:14:03 CDT" duration-ms="27945">
    <groups>
    </groups>
    <test started-at="2020-04-23T23:13:36 CDT" name="Test" finished-at="2020-04-23T23:14:03 CDT" duration-ms="27945">
      <class name="com.testcases.LoginFacebook">
        <test-method is-config="true" signature="setUpExcel()[pri:0, instance:com.testcases.LoginFacebook@5fa07e12]" started-at="2020-04-23T23:13:35 CDT" name="setUpExcel" finished-at="2020-04-23T23:13:36 CDT" duration-ms="296" status="PASS">
          <reporter-output>
          </reporter-output>
        </test-method> <!-- setUpExcel -->
        <test-method is-config="true" signature="setUp()[pri:0, instance:com.testcases.LoginFacebook@5fa07e12]" started-at="2020-04-23T23:13:36 CDT" name="setUp" finished-at="2020-04-23T23:13:44 CDT" duration-ms="8755" status="PASS">
          <reporter-output>
          </reporter-output>
        </test-method> <!-- setUp -->
        <test-method signature="loginFacebook()[pri:0, instance:com.testcases.LoginFacebook@5fa07e12]" started-at="2020-04-23T23:13:44 CDT" name="loginFacebook" finished-at="2020-04-23T23:13:56 CDT" duration-ms="12080" status="PASS">
          <reporter-output>
          </reporter-output>
        </test-method> <!-- loginFacebook -->
        <test-method is-config="true" signature="captureScreenshotOnFailure(org.testng.ITestResult)[pri:0, instance:com.testcases.LoginFacebook@5fa07e12]" started-at="2020-04-23T23:13:56 CDT" name="captureScreenshotOnFailure" finished-at="2020-04-23T23:13:56 CDT" duration-ms="3" status="PASS">
          <params>
            <param index="0">
              <value>
                <![CDATA[[TestResult name=loginFacebook status=SUCCESS method=LoginFacebook.loginFacebook()[pri:0, instance:com.testcases.LoginFacebook@5fa07e12] output={null}]]]>
              </value>
            </param>
          </params>
          <reporter-output>
          </reporter-output>
        </test-method> <!-- captureScreenshotOnFailure -->
        <test-method is-config="true" signature="closeDriver()[pri:0, instance:com.testcases.LoginFacebook@5fa07e12]" started-at="2020-04-23T23:13:56 CDT" name="closeDriver" finished-at="2020-04-23T23:14:03 CDT" duration-ms="7084" status="PASS">
          <reporter-output>
          </reporter-output>
        </test-method> <!-- closeDriver -->
      </class> <!-- com.testcases.LoginFacebook -->
    </test> <!-- Test -->
  </suite> <!-- Suite -->
</testng-results>
